2021-03-25 20:19:24.764 [main] INFO  com.course.Application - Starting Application on PC-20190714VZJO with PID 6500 (D:\Documents\GitHub\AutoTest\LearnGit\Chapter13\target\classes started by Administrator in D:\Documents\GitHub\AutoTest\LearnGit)
2021-03-25 20:19:24.771 [main] INFO  com.course.Application - No active profile set, falling back to default profiles: default
2021-03-25 20:19:24.846 [main] INFO  o.s.boot.web.servlet.context.AnnotationConfigServletWebServerApplicationContext - Refreshing org.springframework.boot.web.servlet.context.AnnotationConfigServletWebServerApplicationContext@7d8704ef: startup date [Thu Mar 25 20:19:24 CST 2021]; root of context hierarchy
2021-03-25 20:19:27.785 [main] WARN  org.mybatis.spring.mapper.ClassPathMapperScanner - No MyBatis mapper was found in '[com.course]' package. Please check your configuration.
2021-03-25 20:19:28.854 [main] INFO  o.s.context.support.PostProcessorRegistrationDelegate$BeanPostProcessorChecker - Bean 'org.springframework.transaction.annotation.ProxyTransactionManagementConfiguration' of type [org.springframework.transaction.annotation.ProxyTransactionManagementConfiguration$$EnhancerBySpringCGLIB$$41611557] is not eligible for getting processed by all BeanPostProcessors (for example: not eligible for auto-proxying)
2021-03-25 20:19:29.168 [main] WARN  o.s.boot.web.servlet.context.AnnotationConfigServletWebServerApplicationContext - Exception encountered during context initialization - cancelling refresh attempt: org.springframework.context.ApplicationContextException: Unable to start web server; nested exception is org.springframework.beans.factory.BeanCreationException: Error creating bean with name 'tomcatServletWebServerFactory' defined in class path resource [org/springframework/boot/autoconfigure/web/servlet/ServletWebServerFactoryConfiguration$EmbeddedTomcat.class]: Initialization of bean failed; nested exception is org.springframework.beans.factory.UnsatisfiedDependencyException: Error creating bean with name 'servletWebServerFactoryCustomizer' defined in class path resource [org/springframework/boot/autoconfigure/web/servlet/ServletWebServerFactoryAutoConfiguration.class]: Unsatisfied dependency expressed through method 'servletWebServerFactoryCustomizer' parameter 0; nested exception is org.springframework.boot.context.properties.ConfigurationPropertiesBindException: Error creating bean with name 'server-org.springframework.boot.autoconfigure.web.ServerProperties': Could not bind properties to 'ServerProperties' : prefix=server, ignoreInvalidFields=false, ignoreUnknownFields=true; nested exception is org.springframework.boot.context.properties.bind.BindException: Failed to bind properties under 'server' to org.springframework.boot.autoconfigure.web.ServerProperties
2021-03-25 20:19:29.192 [main] INFO  o.s.boot.autoconfigure.logging.ConditionEvaluationReportLoggingListener - 

Error starting ApplicationContext. To display the conditions report re-run your application with 'debug' enabled.
2021-03-25 20:19:29.200 [main] ERROR org.springframework.boot.diagnostics.LoggingFailureAnalysisReporter - 

***************************
APPLICATION FAILED TO START
***************************

Description:

Failed to bind properties under 'server' to org.springframework.boot.autoconfigure.web.ServerProperties:

    Property: server
    Value: port:8888
    Origin: class path resource [application.yml]:2:3
    Reason: No converter found capable of converting from type [java.lang.String] to type [@org.springframework.boot.context.properties.ConfigurationProperties org.springframework.boot.autoconfigure.web.ServerProperties]

Action:

Update your application's configuration

